node:internal/modules/cjs/loader:1865
  return process.dlopen(module, path.toNamespacedPath(filename));
                 ^

Error: The module '/workspace/Herobine/bridge/node_modules/canvas/build/Release/canvas.node'
was compiled against a different Node.js version using
NODE_MODULE_VERSION 108. This version of Node.js requires
NODE_MODULE_VERSION 127. Please try re-compiling or re-installing
the module (for instance, using `npm rebuild` or `npm install`).
    at Object..node (node:internal/modules/cjs/loader:1865:18)
    at Module.load (node:internal/modules/cjs/loader:1441:32)
    at Function._load (node:internal/modules/cjs/loader:1263:12)
    at TracingChannel.traceSync (node:diagnostics_channel:322:14)
    at wrapModuleLoad (node:internal/modules/cjs/loader:237:24)
    at Module.require (node:internal/modules/cjs/loader:1463:12)
    at require (node:internal/modules/helpers:147:16)
    at Object.<anonymous> (/workspace/Herobine/bridge/node_modules/canvas/lib/bindings.js:3:18)
    at Module._compile (node:internal/modules/cjs/loader:1706:14)
    at Object..js (node:internal/modules/cjs/loader:1839:10) {
  code: 'ERR_DLOPEN_FAILED'
}

Node.js v22.20.0
